[debug] [2022-07-26T09:46:24.323Z] ----------------------------------------------------------------------
[debug] [2022-07-26T09:46:24.324Z] Command:       /usr/local/bin/node /usr/local/bin/firebase init
[debug] [2022-07-26T09:46:24.324Z] CLI Version:   11.3.0
[debug] [2022-07-26T09:46:24.324Z] Platform:      darwin
[debug] [2022-07-26T09:46:24.324Z] Node Version:  v18.4.0
[debug] [2022-07-26T09:46:24.327Z] Time:          Tue Jul 26 2022 15:16:24 GMT+0530 (India Standard Time)
[debug] [2022-07-26T09:46:24.327Z] ----------------------------------------------------------------------
[debug] 
[debug] [2022-07-26T09:46:24.330Z] > command requires scopes: ["email","openid","https://www.googleapis.com/auth/cloudplatformprojects.readonly","https://www.googleapis.com/auth/firebase","https://www.googleapis.com/auth/cloud-platform"]
[debug] [2022-07-26T09:46:24.330Z] > authorizing via signed-in user (malav1410@gmail.com)
[info] 
     ######## #### ########  ######## ########     ###     ######  ########
     ##        ##  ##     ## ##       ##     ##  ##   ##  ##       ##
     ######    ##  ########  ######   ########  #########  ######  ######
     ##        ##  ##    ##  ##       ##     ## ##     ##       ## ##
     ##       #### ##     ## ######## ########  ##     ##  ######  ########

You're about to initialize a Firebase project in this directory:

  /Users/malavdesai/Projects/disney-plus-clone

[info] 
=== Project Setup
[info] 
[info] First, let's associate this project directory with a Firebase project.
[info] You can create multiple project aliases by running firebase use --add, 
[info] but for now we'll just set up a default project.
[info] 
[debug] [2022-07-26T09:46:41.266Z] >>> [apiv2][query] GET https://firebase.googleapis.com/v1beta1/projects pageSize=100
[debug] [2022-07-26T09:46:42.203Z] <<< [apiv2][status] GET https://firebase.googleapis.com/v1beta1/projects 200
[debug] [2022-07-26T09:46:42.203Z] <<< [apiv2][body] GET https://firebase.googleapis.com/v1beta1/projects [omitted]
[info] i  Using project disney-32677 (Disney) 
[info] 
=== Database Setup
[info] i  database: ensuring required API firebasedatabase.googleapis.com is enabled... 
[debug] [2022-07-26T09:46:44.143Z] >>> [apiv2][query] GET https://serviceusage.googleapis.com/v1/projects/disney-32677/services/firebasedatabase.googleapis.com [none]
[debug] [2022-07-26T09:46:45.939Z] <<< [apiv2][status] GET https://serviceusage.googleapis.com/v1/projects/disney-32677/services/firebasedatabase.googleapis.com 200
[debug] [2022-07-26T09:46:45.940Z] <<< [apiv2][body] GET https://serviceusage.googleapis.com/v1/projects/disney-32677/services/firebasedatabase.googleapis.com [omitted]
[info] ✔  database: required API firebasedatabase.googleapis.com is enabled 
[info] 
[debug] [2022-07-26T09:46:45.941Z] >>> [apiv2][query] GET https://firebasedatabase.googleapis.com/v1beta/projects/disney-32677/locations/-/instances/disney-32677-default-rtdb [none]
[debug] [2022-07-26T09:46:46.651Z] <<< [apiv2][status] GET https://firebasedatabase.googleapis.com/v1beta/projects/disney-32677/locations/-/instances/disney-32677-default-rtdb 200
[debug] [2022-07-26T09:46:46.652Z] <<< [apiv2][body] GET https://firebasedatabase.googleapis.com/v1beta/projects/disney-32677/locations/-/instances/disney-32677-default-rtdb {"name":"projects/740677536537/locations/asia-southeast1/instances/disney-32677-default-rtdb","project":"projects/740677536537","databaseUrl":"https://disney-32677-default-rtdb.asia-southeast1.firebasedatabase.app","type":"DEFAULT_DATABASE","state":"ACTIVE"}
[info] 
[info] Firebase Realtime Database Security Rules allow you to define how your data should be
[info] structured and when your data can be read from and written to.
[info] 
[info] Skipping overwrite of Realtime Database Security Rules.
[info] The security rules defined in database.rules.json will be published when you run firebase deploy.
[info] 
=== Firestore Setup
[debug] [2022-07-26T09:46:51.408Z] >>> [apiv2][query] GET https://serviceusage.googleapis.com/v1/projects/disney-32677/services/firestore.googleapis.com [none]
[debug] [2022-07-26T09:46:53.203Z] <<< [apiv2][status] GET https://serviceusage.googleapis.com/v1/projects/disney-32677/services/firestore.googleapis.com 200
[debug] [2022-07-26T09:46:53.203Z] <<< [apiv2][body] GET https://serviceusage.googleapis.com/v1/projects/disney-32677/services/firestore.googleapis.com [omitted]
[debug] [2022-07-26T09:46:53.204Z] >>> [apiv2][query] GET https://appengine.googleapis.com/v1/apps/disney-32677 [none]
[debug] [2022-07-26T09:46:53.555Z] <<< [apiv2][status] GET https://appengine.googleapis.com/v1/apps/disney-32677 200
[debug] [2022-07-26T09:46:53.555Z] <<< [apiv2][body] GET https://appengine.googleapis.com/v1/apps/disney-32677 {"name":"apps/disney-32677","id":"disney-32677","authDomain":"gmail.com","locationId":"asia-south1","codeBucket":"staging.disney-32677.appspot.com","servingStatus":"SERVING","defaultHostname":"disney-32677.el.r.appspot.com","defaultBucket":"disney-32677.appspot.com","serviceAccount":"disney-32677@appspot.gserviceaccount.com","gcrDomain":"asia.gcr.io","databaseType":"CLOUD_FIRESTORE","featureSettings":{"splitHealthChecks":true,"useContainerOptimizedOs":true}}
[debug] [2022-07-26T09:46:53.555Z] database_type: CLOUD_FIRESTORE
[debug] [2022-07-26T09:46:53.556Z] > command requires scopes: ["email","openid","https://www.googleapis.com/auth/cloudplatformprojects.readonly","https://www.googleapis.com/auth/firebase","https://www.googleapis.com/auth/cloud-platform"]
[debug] [2022-07-26T09:46:53.557Z] > authorizing via signed-in user (malav1410@gmail.com)
[debug] [2022-07-26T09:46:53.557Z] [iam] checking project disney-32677 for permissions ["firebase.projects.get"]
[debug] [2022-07-26T09:46:53.558Z] >>> [apiv2][query] POST https://cloudresourcemanager.googleapis.com/v1/projects/disney-32677:testIamPermissions [none]
[debug] [2022-07-26T09:46:53.558Z] >>> [apiv2][body] POST https://cloudresourcemanager.googleapis.com/v1/projects/disney-32677:testIamPermissions {"permissions":["firebase.projects.get"]}
[debug] [2022-07-26T09:46:55.189Z] <<< [apiv2][status] POST https://cloudresourcemanager.googleapis.com/v1/projects/disney-32677:testIamPermissions 200
[debug] [2022-07-26T09:46:55.189Z] <<< [apiv2][body] POST https://cloudresourcemanager.googleapis.com/v1/projects/disney-32677:testIamPermissions {"permissions":["firebase.projects.get"]}
[info] 
[info] Firestore Security Rules allow you to define how and when to allow
[info] requests. You can keep these rules in your project directory
[info] and publish them with firebase deploy.
[info] 
[debug] [2022-07-26T09:46:57.394Z] >>> [apiv2][query] GET https://firebaserules.googleapis.com/v1/projects/disney-32677/releases pageSize=10&pageToken=
[debug] [2022-07-26T09:46:58.980Z] <<< [apiv2][status] GET https://firebaserules.googleapis.com/v1/projects/disney-32677/releases 200
[debug] [2022-07-26T09:46:58.980Z] <<< [apiv2][body] GET https://firebaserules.googleapis.com/v1/projects/disney-32677/releases {"releases":[{"name":"projects/disney-32677/releases/cloud.firestore","rulesetName":"projects/disney-32677/rulesets/e9d6d8cf-ecd9-45bf-b618-17c692d8e55d","createTime":"2022-07-26T09:43:16.636385Z","updateTime":"2022-07-26T09:43:16.636385Z"}]}
[debug] [2022-07-26T09:46:58.980Z] Found ruleset: projects/disney-32677/rulesets/e9d6d8cf-ecd9-45bf-b618-17c692d8e55d
[debug] [2022-07-26T09:46:58.981Z] >>> [apiv2][query] GET https://firebaserules.googleapis.com/v1/projects/disney-32677/rulesets/e9d6d8cf-ecd9-45bf-b618-17c692d8e55d [none]
[debug] [2022-07-26T09:47:00.486Z] <<< [apiv2][status] GET https://firebaserules.googleapis.com/v1/projects/disney-32677/rulesets/e9d6d8cf-ecd9-45bf-b618-17c692d8e55d 200
[debug] [2022-07-26T09:47:00.486Z] <<< [apiv2][body] GET https://firebaserules.googleapis.com/v1/projects/disney-32677/rulesets/e9d6d8cf-ecd9-45bf-b618-17c692d8e55d [omitted]
[info] 
[info] Firestore indexes allow you to perform complex queries while
[info] maintaining performance that scales with the size of the result
[info] set. You can keep index definitions in your project directory
[info] and publish them with firebase deploy.
[info] 
[debug] [2022-07-26T09:47:04.909Z] >>> [apiv2][query] GET https://firestore.googleapis.com/v1/projects/disney-32677/databases/(default)/collectionGroups/-/indexes [none]
[debug] [2022-07-26T09:47:04.913Z] >>> [apiv2][query] GET https://firestore.googleapis.com/v1/projects/disney-32677/databases/(default)/collectionGroups/-/fields?filter=indexConfig.usesAncestorConfig=false [none]
[debug] [2022-07-26T09:47:05.183Z] <<< [apiv2][status] GET https://firestore.googleapis.com/v1/projects/disney-32677/databases/(default)/collectionGroups/-/fields?filter=indexConfig.usesAncestorConfig=false 200
[debug] [2022-07-26T09:47:05.183Z] <<< [apiv2][body] GET https://firestore.googleapis.com/v1/projects/disney-32677/databases/(default)/collectionGroups/-/fields?filter=indexConfig.usesAncestorConfig=false {"fields":[{"name":"projects/disney-32677/databases/(default)/collectionGroups/__default__/fields/*","indexConfig":{"indexes":[{"queryScope":"COLLECTION","fields":[{"fieldPath":"*","order":"ASCENDING"}],"state":"READY"},{"queryScope":"COLLECTION","fields":[{"fieldPath":"*","order":"DESCENDING"}],"state":"READY"},{"queryScope":"COLLECTION","fields":[{"fieldPath":"*","arrayConfig":"CONTAINS"}],"state":"READY"}]}}]}
[debug] [2022-07-26T09:47:06.223Z] <<< [apiv2][status] GET https://firestore.googleapis.com/v1/projects/disney-32677/databases/(default)/collectionGroups/-/indexes 200
[debug] [2022-07-26T09:47:06.223Z] <<< [apiv2][body] GET https://firestore.googleapis.com/v1/projects/disney-32677/databases/(default)/collectionGroups/-/indexes {}
[info] 
=== Hosting Setup
[info] 
[info] Your public directory is the folder (relative to your project directory) that
[info] will contain Hosting assets to be uploaded with firebase deploy. If you
[info] have a build process for your assets, use your build's output directory.
[info] 
[info] ✔  Wrote public/404.html 
[debug] [2022-07-26T09:47:25.767Z] >>> [apiv2][query] GET https://www.gstatic.com/firebasejs/releases.json [none]
[debug] [2022-07-26T09:47:26.925Z] <<< [apiv2][status] GET https://www.gstatic.com/firebasejs/releases.json 200
[debug] [2022-07-26T09:47:26.925Z] <<< [apiv2][body] GET https://www.gstatic.com/firebasejs/releases.json {"current":{"version":"9.9.1","browserURL":"https://www.gstatic.com/firebasejs/9.9.1/firebase.js","packageURL":"https://www.gstatic.com/firebasejs/9.9.1/firebase.tgz"},"live":{"version":"9.9","browserURL":"https://www.gstatic.com/firebasejs/live/9.9/firebase.js","packageURL":"https://www.gstatic.com/firebasejs/live/9.9/firebase.tgz"},"components":{"analytics":"https://www.gstatic.com/firebasejs/9.9.1/firebase-analytics.js","app":"https://www.gstatic.com/firebasejs/9.9.1/firebase-app.js","app-check":"https://www.gstatic.com/firebasejs/9.9.1/firebase-app-check.js","auth":"https://www.gstatic.com/firebasejs/9.9.1/firebase-auth.js","auth/cordova":"https://www.gstatic.com/firebasejs/9.9.1/firebase-auth/cordova.js","auth/react-native":"https://www.gstatic.com/firebasejs/9.9.1/firebase-auth/react-native.js","functions":"https://www.gstatic.com/firebasejs/9.9.1/firebase-functions.js","firestore":"https://www.gstatic.com/firebasejs/9.9.1/firebase-firestore.js","firestore/lite":"https://www.gstatic.com/firebasejs/9.9.1/firebase-firestore/lite.js","installations":"https://www.gstatic.com/firebasejs/9.9.1/firebase-installations.js","storage":"https://www.gstatic.com/firebasejs/9.9.1/firebase-storage.js","performance":"https://www.gstatic.com/firebasejs/9.9.1/firebase-performance.js","remote-config":"https://www.gstatic.com/firebasejs/9.9.1/firebase-remote-config.js","messaging":"https://www.gstatic.com/firebasejs/9.9.1/firebase-messaging.js","messaging/sw":"https://www.gstatic.com/firebasejs/9.9.1/firebase-messaging/sw.js","database":"https://www.gstatic.com/firebasejs/9.9.1/firebase-database.js","firestore.memory":"https://www.gstatic.com/firebasejs/9.9.1/firebase-firestore.memory.js"}}
[info] i  Skipping write of public/index.html 
[info] 
[info] i  Detected a .git folder at /Users/malavdesai/Projects/disney-plus-clone 
[info] i  Authorizing with GitHub to upload your service account to a GitHub repository's secrets store. 
[info] 
[info] Visit this URL on this device to log in:
[info] https://github.com/login/oauth/authorize?client_id=89cf50f02ac6aaed3484&state=1048857605&redirect_uri=http%3A%2F%2Flocalhost%3A9005&scope=read%3Auser%20repo%20public_repo
[info] 
[info] Waiting for authentication...
[debug] [2022-07-26T09:47:51.983Z] >>> [apiv2][query] POST https://github.com/login/oauth/access_token [none]
[debug] [2022-07-26T09:47:51.984Z] >>> [apiv2][body] POST https://github.com/login/oauth/access_token [stream]
[debug] [2022-07-26T09:47:52.372Z] <<< [apiv2][status] POST https://github.com/login/oauth/access_token 200
[debug] [2022-07-26T09:47:52.373Z] <<< [apiv2][body] POST https://github.com/login/oauth/access_token {"access_token":"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","token_type":"bearer","scope":"read:user,repo"}
[debug] [2022-07-26T09:47:52.388Z] >>> [apiv2][query] GET https://api.github.com/user [none]
[debug] [2022-07-26T09:47:52.769Z] <<< [apiv2][status] GET https://api.github.com/user 200
[debug] [2022-07-26T09:47:52.769Z] <<< [apiv2][body] GET https://api.github.com/user {"login":"malav1410","id":5978269,"node_id":"MDQ6VXNlcjU5NzgyNjk=","avatar_url":"https://avatars.githubusercontent.com/u/5978269?v=4","gravatar_id":"","url":"https://api.github.com/users/malav1410","html_url":"https://github.com/malav1410","followers_url":"https://api.github.com/users/malav1410/followers","following_url":"https://api.github.com/users/malav1410/following{/other_user}","gists_url":"https://api.github.com/users/malav1410/gists{/gist_id}","starred_url":"https://api.github.com/users/malav1410/starred{/owner}{/repo}","subscriptions_url":"https://api.github.com/users/malav1410/subscriptions","organizations_url":"https://api.github.com/users/malav1410/orgs","repos_url":"https://api.github.com/users/malav1410/repos","events_url":"https://api.github.com/users/malav1410/events{/privacy}","received_events_url":"https://api.github.com/users/malav1410/received_events","type":"User","site_admin":false,"name":"malav desai","company":null,"blog":"","location":null,"email":"malav1410@gmail.com","hireable":null,"bio":null,"twitter_username":null,"public_repos":24,"public_gists":0,"followers":1,"following":0,"created_at":"2013-11-19T09:11:09Z","updated_at":"2022-07-26T09:47:48Z","private_gists":0,"total_private_repos":0,"owned_private_repos":0,"disk_usage":38772,"collaborators":0,"two_factor_authentication":false,"plan":{"name":"free","space":976562499,"collaborators":0,"private_repos":10000}}
[info] 
[info] ✔  Success! Logged into GitHub as malav1410 
[info] 
